<?xml version="1.0" encoding="UTF-8"?>
<!-- Generated by org.testng.reporters.JUnitReportReporter -->
<testsuite hostname="user-PC" name="testRunner.runnerClass" tests="1" failures="0" timestamp="20 Sep 2020 16:47:13 GMT" time="104.710" errors="0">
  <testcase name="runScenario" time="104.710" classname="testRunner.runnerClass"/>
</testsuite> <!-- testRunner.runnerClass -->
